main.obj : error LNK2019: unresolved external symbol _gladLoadGLLoader referenced in function _main
main.obj : error LNK2019: unresolved external symbol _glfwInit referenced in function _main
main.obj : error LNK2019: unresolved external symbol _glfwTerminate referenced in function _main
main.obj : error LNK2019: unresolved external symbol _glfwWindowHint referenced in function _main
main.obj : error LNK2019: unresolved external symbol _glfwCreateWindow referenced in function _main
main.obj : error LNK2019: unresolved external symbol _glfwWindowShouldClose referenced in function _main
main.obj : error LNK2019: unresolved external symbol _glfwSetWindowShouldClose referenced in function "void __cdecl processInput(struct GLFWwindow *)" (?processInput@@YAXPAUGLFWwindow@@@Z)
main.obj : error LNK2019: unresolved external symbol _glfwSetFramebufferSizeCallback referenced in function _main
main.obj : error LNK2019: unresolved external symbol _glfwPollEvents referenced in function _main
main.obj : error LNK2019: unresolved external symbol _glfwGetKey referenced in function "void __cdecl processInput(struct GLFWwindow *)" (?processInput@@YAXPAUGLFWwindow@@@Z)
main.obj : error LNK2019: unresolved external symbol _glfwMakeContextCurrent referenced in function _main
main.obj : error LNK2019: unresolved external symbol _glfwSwapBuffers referenced in function _main
main.obj : error LNK2019: unresolved external symbol _glfwGetProcAddress referenced in function _main
main.obj : error LNK2001: unresolved external symbol _glad_glClear
main.obj : error LNK2001: unresolved external symbol _glad_glClearColor
main.obj : error LNK2001: unresolved external symbol _glad_glViewport
main.obj : error LNK2001: unresolved external symbol _glad_glDrawArrays
main.obj : error LNK2001: unresolved external symbol _glad_glBindBuffer
main.obj : error LNK2001: unresolved external symbol _glad_glDeleteBuffers
main.obj : error LNK2001: unresolved external symbol _glad_glGenBuffers
main.obj : error LNK2001: unresolved external symbol _glad_glBufferData
main.obj : error LNK2001: unresolved external symbol _glad_glAttachShader
main.obj : error LNK2001: unresolved external symbol _glad_glCompileShader
main.obj : error LNK2001: unresolved external symbol _glad_glCreateProgram
main.obj : error LNK2001: unresolved external symbol _glad_glCreateShader
main.obj : error LNK2001: unresolved external symbol _glad_glDeleteProgram
main.obj : error LNK2001: unresolved external symbol _glad_glDeleteShader
main.obj : error LNK2001: unresolved external symbol _glad_glEnableVertexAttribArray
main.obj : error LNK2001: unresolved external symbol _glad_glGetProgramiv
main.obj : error LNK2001: unresolved external symbol _glad_glGetProgramInfoLog
main.obj : error LNK2001: unresolved external symbol _glad_glGetShaderiv
main.obj : error LNK2001: unresolved external symbol _glad_glGetShaderInfoLog
main.obj : error LNK2001: unresolved external symbol _glad_glLinkProgram
main.obj : error LNK2001: unresolved external symbol _glad_glShaderSource
main.obj : error LNK2001: unresolved external symbol _glad_glUseProgram
main.obj : error LNK2001: unresolved external symbol _glad_glVertexAttribPointer
main.obj : error LNK2001: unresolved external symbol _glad_glBindVertexArray
main.obj : error LNK2001: unresolved external symbol _glad_glDeleteVertexArrays
main.obj : error LNK2001: unresolved external symbol _glad_glGenVertexArrays
C:\Users\Pedro Pinheiro\Documents\opengl\glfw3.lib : warning LNK4272: library machine type 'x64' conflicts with target machine type 'x86'
D:\Programs\echo_game_engine\EchoEngine\Debug\EchoEngine.exe : fatal error LNK1120: 39 unresolved externals
